2021-08-07T23:20:33.431863+0300 INFO =====Скрипт parser_demon.py запустился=====
2021-08-07T23:20:34.373555+0300 INFO id: 1379385024, key word: энергосервис, location: Центральный ФО
2021-08-07T23:20:34.376406+0300 INFO url: https://zakupki.gov.ru/epz/order/extendedsearch/results.html?searchString=энергосервис&morphology=on&search-filter=Дате+размещения&pageNumber=1&sortDirection=false&recordsPerPage=_20&showLotsInfoHidden=false&sortBy=UPDATE_DATE&fz44=on&fz223=on&ppRf615=on&af=on&priceFromGeneral=5000000&priceToGeneral=2500000000&currencyIdGeneral=-1&publishDateFrom=2021-08-$d&customerPlace=5277317
2021-08-07T23:20:35.228690+0300 WARNING Key word "энергосервис" not in subject "Поставка угля для технологических нужд производства тепловой энергии"
2021-08-07T23:20:35.242223+0300 INFO ../results/2021-08-$d/1379385024_19_энергосервис_Центральный ФО.xlsx
2021-08-07T23:22:00.673425+0300 INFO =====Скрипт parser_demon.py запустился=====
2021-08-07T23:22:01.643896+0300 INFO id: 1379385024, key word: энергосервис, location: Центральный ФО
2021-08-07T23:22:01.645756+0300 INFO url: https://zakupki.gov.ru/epz/order/extendedsearch/results.html?searchString=энергосервис&morphology=on&search-filter=Дате+размещения&pageNumber=1&sortDirection=false&recordsPerPage=_20&showLotsInfoHidden=false&sortBy=UPDATE_DATE&fz44=on&fz223=on&ppRf615=on&af=on&priceFromGeneral=5000000&priceToGeneral=2500000000&currencyIdGeneral=-1&publishDateFrom=2021-08-06&customerPlace=5277317
2021-08-07T23:22:02.530528+0300 WARNING Key word "энергосервис" not in subject "Поставка угля для технологических нужд производства тепловой энергии"
2021-08-07T23:22:02.546701+0300 INFO ../results/2021-08-07/1379385024_19_энергосервис_Центральный ФО.xlsx
2021-08-07T23:22:07.620885+0300 INFO id: 1379385024, key word: эскалатор, location: Центральный ФО
2021-08-07T23:22:07.626297+0300 INFO url: https://zakupki.gov.ru/epz/order/extendedsearch/results.html?searchString=эскалатор&morphology=on&search-filter=Дате+размещения&pageNumber=1&sortDirection=false&recordsPerPage=_20&showLotsInfoHidden=false&sortBy=UPDATE_DATE&fz44=on&fz223=on&ppRf615=on&af=on&priceFromGeneral=1000000&priceToGeneral=350000000&currencyIdGeneral=-1&publishDateFrom=2021-08-06&customerPlace=5277317
2021-08-07T23:22:08.313270+0300 WARNING Key word "эскалатор" not in subject "Выполнение работ по капитальному ремонту лифтов в студенческом общежитии №4, по адресу: г. Москва, Лиственная аллея д.16, к.4"
2021-08-07T23:22:08.315065+0300 WARNING Key word "эскалатор" not in subject "Выполнение работ по замене лифтового оборудования"
2021-08-07T23:22:08.317918+0300 WARNING Key word "эскалатор" not in subject "Закупка услуг по техническому годовому обслуживанию лифтов с круглосуточным пребыванием электромеханика на объектах ГБУЗ «ДГКБ № 9 им. Г. Н. Сперанского ДЗМ»"
2021-08-07T23:22:08.319383+0300 WARNING Key word "эскалатор" not in subject "Оказание услуг по техническому обслуживанию лифтового оборудования в  ГБУЗ "ТКБ №3 ДЗМ " (корпуса 7,10,12) на 2022г-2023 год"
2021-08-07T23:22:08.321234+0300 WARNING Key word "эскалатор" not in subject "Оказание  услуг по комплексному техническому обслуживанию и эксплуатации лифтового хозяйства в филиалах комплекса"
2021-08-07T23:22:08.322244+0300 WARNING Key word "эскалатор" not in subject "Аукцион в электронной форме на право заключения контракта на техническое обслуживание лифтов, установленных в ГБУЗ "ДГП № 120 ДЗМ" в 2021-2022 гг."
2021-08-07T23:22:08.323485+0300 WARNING Key word "эскалатор" not in subject "Оказание комплекса услуг по эксплуатации и техническому обслуживанию лифтового оборудования ЛРНЦ "Русское поле""
2021-08-07T23:22:08.324593+0300 WARNING Key word "эскалатор" not in subject "Электронный конкурс на оказание услуг по техническому обслуживанию лифтового оборудования"
2021-08-07T23:22:08.325599+0300 WARNING Key word "эскалатор" not in subject "Выполнение работ по замене больничного лифта ПБ-053 на 2 остановки, г/п 500 кг, установленного по адресу: Белгородская обл., г. Белгород, ул. Некрасова, д. 8/9"
2021-08-07T23:22:08.326902+0300 WARNING Key word "эскалатор" not in subject "Оказание услуг по техническому обслуживанию лифтов в ГБУЗ "ИКБ №1 ДЗМ" в 2022 году"
2021-08-07T23:22:08.330310+0300 WARNING Key word "эскалатор" not in subject "Оказание услуг по техническому обслуживанию  лифтов для нужд ГБУЗ "ЦПРиН ДЗМ" в 2022 г. (среди субъектов малого предпринимательства)."
2021-08-07T23:22:08.331865+0300 WARNING Key word "эскалатор" not in subject "Капитальный ремонт объектов недвижимого имущества (замена лифтов)"
2021-08-07T23:22:08.333059+0300 WARNING Key word "эскалатор" not in subject "Оказание услуг по техническому обслуживанию и ремонту лифтового оборудования для нужд ГУП «Мосгортранс»"
2021-08-07T23:22:08.334296+0300 WARNING Key word "эскалатор" not in subject "Оказание услуг по техническому обслуживанию лифтов госпиталя в 2021 году"
2021-08-07T23:22:08.335498+0300 WARNING Key word "эскалатор" not in subject "оказание услуг по техническому обслуживанию лифтового оборудования филиала №2 ФГБУ "3 ЦВКГ им. А.А. Вишневского" Министерства обороны РФ"
2021-08-07T23:22:08.336358+0300 WARNING Key word "эскалатор" not in subject "Оказание услуг по техническому обслуживанию лифтового оборудования"
2021-08-07T23:22:08.337164+0300 WARNING Key word "эскалатор" not in subject "Оказание услуг по эксплуатационно-техническому обслуживанию лифтового оборудования,
находящегося на объектах Академии ФСБ России."
2021-08-07T23:22:08.338322+0300 WARNING Key word "эскалатор" not in subject "Оказание услуг по техническому обслуживанию лифтов госпиталя в 2021 году"
2021-08-07T23:22:08.340159+0300 WARNING Key word "эскалатор" not in subject "Работы и
услуги  по содержанию имущества"
2021-08-07T23:22:08.344848+0300 INFO ../results/2021-08-07/1379385024_1_эскалатор_Центральный ФО.xlsx
2021-08-07T23:22:13.385030+0300 INFO id: 1379385024, key word: лифт, location: Центральный ФО
2021-08-07T23:22:13.389840+0300 INFO url: https://zakupki.gov.ru/epz/order/extendedsearch/results.html?searchString=лифт&morphology=on&search-filter=Дате+размещения&pageNumber=1&sortDirection=false&recordsPerPage=_20&showLotsInfoHidden=false&sortBy=UPDATE_DATE&fz44=on&fz223=on&ppRf615=on&af=on&priceFromGeneral=1000000&priceToGeneral=350000000&currencyIdGeneral=-1&publishDateFrom=2021-08-06&customerPlace=5277317
2021-08-07T23:22:14.211526+0300 WARNING Key word "лифт" not in subject "Приобретение автотранспорта для доставки маломобильных граждан для участия в культурно-досуговых мероприятиях"
2021-08-07T23:22:14.213569+0300 WARNING Key word "лифт" not in subject "Поставка кнопочных выключателей ВКЛ13 (СМиСП)"
2021-08-07T23:22:14.217154+0300 WARNING Key word "лифт" not in subject "Поставка листового металлопроката (СМиСП)"
2021-08-07T23:22:14.218339+0300 WARNING Key word "лифт" not in subject "Поставка оборудования для привода дверей «Магнус»"
2021-08-07T23:22:14.223494+0300 INFO ../results/2021-08-07/1379385024_16_лифт_Центральный ФО.xlsx
2021-08-07T23:22:24.270706+0300 INFO id: 512915153, key word: "Цифровая образовательная среда", location: Центральный ФО
2021-08-07T23:22:24.279948+0300 INFO url: https://zakupki.gov.ru/epz/order/extendedsearch/results.html?searchString="Цифровая+образовательная+среда"&morphology=on&search-filter=Дате+размещения&pageNumber=1&sortDirection=false&recordsPerPage=_20&showLotsInfoHidden=false&sortBy=UPDATE_DATE&fz44=on&fz223=on&ppRf615=on&af=on&priceFromGeneral=1000000&priceToGeneral=700000000&currencyIdGeneral=-1&publishDateFrom=2021-08-06&customerPlace=5277317
2021-08-07T23:22:25.130525+0300 INFO ../results/2021-08-07/512915153_19_'Цифровая образовательная среда'_Центральный ФО.xlsx
2021-08-07T23:22:35.176315+0300 INFO id: 512915153, key word: Точка роста, location: Центральный ФО
2021-08-07T23:22:35.181522+0300 INFO url: https://zakupki.gov.ru/epz/order/extendedsearch/results.html?searchString=Точка+роста&morphology=on&search-filter=Дате+размещения&pageNumber=1&sortDirection=false&recordsPerPage=_20&showLotsInfoHidden=false&sortBy=UPDATE_DATE&fz44=on&fz223=on&ppRf615=on&af=on&priceFromGeneral=0&priceToGeneral=700000000&currencyIdGeneral=-1&publishDateFrom=2021-08-06&customerPlace=5277317
2021-08-07T23:22:35.823117+0300 INFO ../results/2021-08-07/512915153_6_Точка роста_Центральный ФО.xlsx
2021-08-07T23:22:38.863775+0300 INFO id: 512915153, key word: оборудование олимпийск, location: Центральный ФО
2021-08-07T23:22:38.868284+0300 INFO url: https://zakupki.gov.ru/epz/order/extendedsearch/results.html?searchString=оборудование+олимпийск&morphology=on&search-filter=Дате+размещения&pageNumber=1&sortDirection=false&recordsPerPage=_20&showLotsInfoHidden=false&sortBy=UPDATE_DATE&fz44=on&fz223=on&ppRf615=on&af=on&priceFromGeneral=1000000&priceToGeneral=700000000&currencyIdGeneral=-1&publishDateFrom=2021-08-06&customerPlace=5277317
2021-08-07T23:22:39.451966+0300 WARNING Key word "оборудование олимпийск" not in subject "Поставка кинооборудования для создания условий для показа национальных фильмов (переоборудования) в кинозале, расположенном по адресу: Тамбовская область, Сампурский район, п. Сатинка, ул. Олимпийская, д. 1."
2021-08-07T23:22:39.453552+0300 WARNING Key word "оборудование олимпийск" not in subject "Поставка спортивно-технологического оборудования"
2021-08-07T23:22:39.455036+0300 WARNING Key word "оборудование олимпийск" not in subject "Приобретение оборудования и программного обеспечения для обеспечения функционирования инфраструктуры в главных кассовых павильонах и периметре безопасности Олимпийского комплекса «Лужники». Система межсетевого экранирования"
2021-08-07T23:22:39.457015+0300 INFO ../results/2021-08-07/512915153_0_оборудование олимпийск_Центральный ФО.xlsx
2021-08-07T23:22:47.496544+0300 INFO id: 512915153, key word: проекта "Цифровая образовательная среда" национального проекта "Образование", location: Центральный ФО
2021-08-07T23:22:47.505301+0300 INFO url: https://zakupki.gov.ru/epz/order/extendedsearch/results.html?searchString=проекта+"Цифровая+образовательная+среда"+национального+проекта+"Образование"&morphology=on&search-filter=Дате+размещения&pageNumber=1&sortDirection=false&recordsPerPage=_20&showLotsInfoHidden=false&sortBy=UPDATE_DATE&fz44=on&fz223=on&ppRf615=on&af=on&priceFromGeneral=1000000&priceToGeneral=700000000&currencyIdGeneral=-1&publishDateFrom=2021-08-06&customerPlace=5277317
2021-08-07T23:22:48.325867+0300 INFO ../results/2021-08-07/512915153_19_проекта 'Цифровая образовательная среда' национального проекта 'Образование'_Центральный ФО.xlsx
2021-08-07T23:22:53.365726+0300 INFO id: 512915153, key word: современная школа, location: Центральный ФО
2021-08-07T23:22:53.368611+0300 INFO url: https://zakupki.gov.ru/epz/order/extendedsearch/results.html?searchString=современная+школа&morphology=on&search-filter=Дате+размещения&pageNumber=1&sortDirection=false&recordsPerPage=_20&showLotsInfoHidden=false&sortBy=UPDATE_DATE&fz44=on&fz223=on&ppRf615=on&af=on&priceFromGeneral=1000000&priceToGeneral=700000000&currencyIdGeneral=-1&publishDateFrom=2021-08-06&customerPlace=5277317
2021-08-07T23:22:54.179910+0300 WARNING Key word "современная школа" not in subject "Выполнение работ по текущему ремонту помещений в здании ГБУК г. Москвы "Московский театр "Школа современной пьесы" по адресу: Москва, ул. Неглинная, д. 29, стр. 1"
2021-08-07T23:22:54.182146+0300 WARNING Key word "современная школа" not in subject "Оказание услуг по предоставлению технической возможности получения, просмотра, хранения видеопотока с передачей данных в ЕЦХД (внутренние камеры) для учреждений, подведомственных Департаменту образования и науки города Москвы (бюджет 2021-2023 г.г.) (совместная закупка)"
2021-08-07T23:22:54.186181+0300 INFO ../results/2021-08-07/512915153_7_современная школа_Центральный ФО.xlsx
2021-08-07T23:23:04.239741+0300 INFO Was saved 8 exlel tables with results in "../results/2021-08-07"
2021-08-07T23:25:03.946010+0300 INFO =====Скрипт admin_bot_broadcast.py запустился=====
2021-08-07T23:25:04.468208+0300 INFO Just sended file: ../results/2021-08-07/1379385024_16_лифт_Центральный ФО.xlsx
2021-08-07T23:25:04.763532+0300 INFO Just sended file: ../results/2021-08-07/1379385024_19_энергосервис_Центральный ФО.xlsx
2021-08-07T23:25:05.503972+0300 INFO Just sended file: ../results/2021-08-07/1379385024_1_эскалатор_Центральный ФО.xlsx
2021-08-07T23:25:05.644466+0300 INFO Just sended file: ../results/2021-08-07/512915153_0_оборудование олимпийск_Центральный ФО.xlsx
2021-08-07T23:25:05.954028+0300 INFO Just sended file: ../results/2021-08-07/512915153_19_'Цифровая образовательная среда'_Центральный ФО.xlsx
2021-08-07T23:25:06.253817+0300 INFO Just sended file: ../results/2021-08-07/512915153_19_проекта 'Цифровая образовательная среда' национального проекта 'Образование'_Центральный ФО.xlsx
2021-08-07T23:25:06.488111+0300 INFO Just sended file: ../results/2021-08-07/512915153_6_Точка роста_Центральный ФО.xlsx
2021-08-07T23:25:06.671434+0300 INFO Just sended file: ../results/2021-08-07/512915153_7_современная школа_Центральный ФО.xlsx
2021-08-07T23:25:07.047240+0300 INFO Logfile just sended: ../logs/log_2021-08-07.log
